<?xml version="1.0" encoding="UTF-8"?>
<testsuite xmlns:xsi="http://www.w3.org/2001/XMLSchema-instance" xsi:noNamespaceSchemaLocation="https://maven.apache.org/surefire/maven-surefire-plugin/xsd/surefire-test-report-3.0.xsd" version="3.0" name="com.laplateforme.tracker.dao.UserDAOTest" time="0.447" tests="3" errors="0" skipped="0" failures="0">
  <properties>
[...]
</properties>
  <testcase name="testInsertAndFindUser" classname="com.laplateforme.tracker.dao.UserDAOTest" time="0.165">
    <system-out><![CDATA[[DEBUG] Attempting to load db.properties from classpath...
[DEBUG] Loaded JDBC URL: jdbc:postgresql://localhost:5432/student_tracker
[DEBUG] Loaded DB user: postgres
[INFO] Connected to database: student_tracker
[DEBUG] Attempting to load db.properties from classpath...
[DEBUG] Loaded JDBC URL: jdbc:postgresql://localhost:5432/student_tracker
[DEBUG] Loaded DB user: postgres
[INFO] Connected to database: student_tracker
[DEBUG] Attempting to load db.properties from classpath...
[DEBUG] Loaded JDBC URL: jdbc:postgresql://localhost:5432/student_tracker
[DEBUG] Loaded DB user: postgres
[INFO] Connected to database: student_tracker
[DEBUG] Attempting to load db.properties from classpath...
[DEBUG] Loaded JDBC URL: jdbc:postgresql://localhost:5432/student_tracker
[DEBUG] Loaded DB user: postgres
[INFO] Connected to database: student_tracker
[DEBUG] Attempting to load db.properties from classpath...
[DEBUG] Loaded JDBC URL: jdbc:postgresql://localhost:5432/student_tracker
[DEBUG] Loaded DB user: postgres
[INFO] Connected to database: student_tracker
[DEBUG] Attempting to load db.properties from classpath...
[DEBUG] Loaded JDBC URL: jdbc:postgresql://localhost:5432/student_tracker
[DEBUG] Loaded DB user: postgres
[INFO] Connected to database: student_tracker
[DEBUG] Attempting to load db.properties from classpath...
[DEBUG] Loaded JDBC URL: jdbc:postgresql://localhost:5432/student_tracker
[DEBUG] Loaded DB user: postgres
[INFO] Connected to database: student_tracker
[DEBUG] Attempting to load db.properties from classpath...
[DEBUG] Loaded JDBC URL: jdbc:postgresql://localhost:5432/student_tracker
[DEBUG] Loaded DB user: postgres
[INFO] Connected to database: student_tracker
]]></system-out>
  </testcase>
  <testcase name="testDuplicateUsername" classname="com.laplateforme.tracker.dao.UserDAOTest" time="0.15">
    <system-out><![CDATA[[DEBUG] Attempting to load db.properties from classpath...
[DEBUG] Loaded JDBC URL: jdbc:postgresql://localhost:5432/student_tracker
[DEBUG] Loaded DB user: postgres
[INFO] Connected to database: student_tracker
[DEBUG] Attempting to load db.properties from classpath...
[DEBUG] Loaded JDBC URL: jdbc:postgresql://localhost:5432/student_tracker
[DEBUG] Loaded DB user: postgres
[INFO] Connected to database: student_tracker
[DEBUG] Attempting to load db.properties from classpath...
[DEBUG] Loaded JDBC URL: jdbc:postgresql://localhost:5432/student_tracker
[DEBUG] Loaded DB user: postgres
[INFO] Connected to database: student_tracker
[DEBUG] Attempting to load db.properties from classpath...
[DEBUG] Loaded JDBC URL: jdbc:postgresql://localhost:5432/student_tracker
[DEBUG] Loaded DB user: postgres
[INFO] Connected to database: student_tracker
[DEBUG] Attempting to load db.properties from classpath...
[DEBUG] Loaded JDBC URL: jdbc:postgresql://localhost:5432/student_tracker
[DEBUG] Loaded DB user: postgres
[INFO] Connected to database: student_tracker
[DEBUG] Attempting to load db.properties from classpath...
[DEBUG] Loaded JDBC URL: jdbc:postgresql://localhost:5432/student_tracker
[DEBUG] Loaded DB user: postgres
[INFO] Connected to database: student_tracker
[DEBUG] Attempting to load db.properties from classpath...
[DEBUG] Loaded JDBC URL: jdbc:postgresql://localhost:5432/student_tracker
[DEBUG] Loaded DB user: postgres
[INFO] Connected to database: student_tracker
[DEBUG] Attempting to load db.properties from classpath...
[DEBUG] Loaded JDBC URL: jdbc:postgresql://localhost:5432/student_tracker
[DEBUG] Loaded DB user: postgres
[INFO] Connected to database: student_tracker
]]></system-out>
    <system-err><![CDATA[org.postgresql.util.PSQLException: ERROR: duplicate key value violates unique constraint "User_username_key"
  Detail: Key (username)=(testuserdup) already exists.
	at org.postgresql.core.v3.QueryExecutorImpl.receiveErrorResponse(QueryExecutorImpl.java:2725)
	at org.postgresql.core.v3.QueryExecutorImpl.processResults(QueryExecutorImpl.java:2412)
	at org.postgresql.core.v3.QueryExecutorImpl.execute(QueryExecutorImpl.java:371)
	at org.postgresql.jdbc.PgStatement.executeInternal(PgStatement.java:502)
	at org.postgresql.jdbc.PgStatement.execute(PgStatement.java:419)
	at org.postgresql.jdbc.PgPreparedStatement.executeWithFlags(PgPreparedStatement.java:194)
	at org.postgresql.jdbc.PgPreparedStatement.executeQuery(PgPreparedStatement.java:137)
	at com.laplateforme.tracker.dao.UserDAO.insertUser(UserDAO.java:17)
	at com.laplateforme.tracker.dao.UserDAOTest.testDuplicateUsername(UserDAOTest.java:44)
	at java.base/jdk.internal.reflect.NativeMethodAccessorImpl.invoke0(Native Method)
	at java.base/jdk.internal.reflect.NativeMethodAccessorImpl.invoke(NativeMethodAccessorImpl.java:77)
	at java.base/jdk.internal.reflect.DelegatingMethodAccessorImpl.invoke(DelegatingMethodAccessorImpl.java:43)
	at java.base/java.lang.reflect.Method.invoke(Method.java:569)
	at junit.framework.TestCase.runTest(TestCase.java:154)
	at junit.framework.TestCase.runBare(TestCase.java:127)
	at junit.framework.TestResult$1.protect(TestResult.java:106)
	at junit.framework.TestResult.runProtected(TestResult.java:124)
	at junit.framework.TestResult.run(TestResult.java:109)
	at junit.framework.TestCase.run(TestCase.java:118)
	at junit.framework.TestSuite.runTest(TestSuite.java:208)
	at junit.framework.TestSuite.run(TestSuite.java:203)
	at java.base/jdk.internal.reflect.NativeMethodAccessorImpl.invoke0(Native Method)
	at java.base/jdk.internal.reflect.NativeMethodAccessorImpl.invoke(NativeMethodAccessorImpl.java:77)
	at java.base/jdk.internal.reflect.DelegatingMethodAccessorImpl.invoke(DelegatingMethodAccessorImpl.java:43)
	at java.base/java.lang.reflect.Method.invoke(Method.java:569)
	at org.apache.maven.surefire.junit.JUnitTestSetExecutor.execute(JUnitTestSetExecutor.java:81)
	at org.apache.maven.surefire.junit.JUnit3Provider.executeTestSet(JUnit3Provider.java:131)
	at org.apache.maven.surefire.junit.JUnit3Provider.invoke(JUnit3Provider.java:93)
	at org.apache.maven.surefire.booter.ForkedBooter.runSuitesInProcess(ForkedBooter.java:385)
	at org.apache.maven.surefire.booter.ForkedBooter.execute(ForkedBooter.java:162)
	at org.apache.maven.surefire.booter.ForkedBooter.run(ForkedBooter.java:507)
	at org.apache.maven.surefire.booter.ForkedBooter.main(ForkedBooter.java:495)
]]></system-err>
  </testcase>
  <testcase name="testFindByUsernameNotFound" classname="com.laplateforme.tracker.dao.UserDAOTest" time="0.13">
    <system-out><![CDATA[[DEBUG] Attempting to load db.properties from classpath...
[DEBUG] Loaded JDBC URL: jdbc:postgresql://localhost:5432/student_tracker
[DEBUG] Loaded DB user: postgres
[INFO] Connected to database: student_tracker
[DEBUG] Attempting to load db.properties from classpath...
[DEBUG] Loaded JDBC URL: jdbc:postgresql://localhost:5432/student_tracker
[DEBUG] Loaded DB user: postgres
[INFO] Connected to database: student_tracker
[DEBUG] Attempting to load db.properties from classpath...
[DEBUG] Loaded JDBC URL: jdbc:postgresql://localhost:5432/student_tracker
[DEBUG] Loaded DB user: postgres
[INFO] Connected to database: student_tracker
[DEBUG] Attempting to load db.properties from classpath...
[DEBUG] Loaded JDBC URL: jdbc:postgresql://localhost:5432/student_tracker
[DEBUG] Loaded DB user: postgres
[INFO] Connected to database: student_tracker
[DEBUG] Attempting to load db.properties from classpath...
[DEBUG] Loaded JDBC URL: jdbc:postgresql://localhost:5432/student_tracker
[DEBUG] Loaded DB user: postgres
[INFO] Connected to database: student_tracker
[DEBUG] Attempting to load db.properties from classpath...
[DEBUG] Loaded JDBC URL: jdbc:postgresql://localhost:5432/student_tracker
[DEBUG] Loaded DB user: postgres
[INFO] Connected to database: student_tracker
[DEBUG] Attempting to load db.properties from classpath...
[DEBUG] Loaded JDBC URL: jdbc:postgresql://localhost:5432/student_tracker
[DEBUG] Loaded DB user: postgres
[INFO] Connected to database: student_tracker
]]></system-out>
  </testcase>
</testsuite>