<?xml version="1.0" encoding="UTF-8"?>
<testsuite xmlns:xsi="http://www.w3.org/2001/XMLSchema-instance" xsi:noNamespaceSchemaLocation="https://maven.apache.org/surefire/maven-surefire-plugin/xsd/surefire-test-report-3.0.xsd" version="3.0" name="com.laplateforme.tracker.dao.StudentDAOTest" time="0.225" tests="5" errors="0" skipped="0" failures="0">
  <properties>
[...]
</properties>
  <testcase name="testAddStudent" classname="com.laplateforme.tracker.dao.StudentDAOTest" time="0.036">
    <system-out><![CDATA[[DEBUG] Attempting to load db.properties from classpath...
[DEBUG] Loaded JDBC URL: jdbc:postgresql://localhost:5432/student_tracker
[DEBUG] Loaded DB user: postgres
[INFO] Connected to database: student_tracker
[DEBUG] Attempting to load db.properties from classpath...
[DEBUG] Loaded JDBC URL: jdbc:postgresql://localhost:5432/student_tracker
[DEBUG] Loaded DB user: postgres
[INFO] Connected to database: student_tracker
[DEBUG] Attempting to load db.properties from classpath...
[DEBUG] Loaded JDBC URL: jdbc:postgresql://localhost:5432/student_tracker
[DEBUG] Loaded DB user: postgres
[INFO] Connected to database: student_tracker
]]></system-out>
  </testcase>
  <testcase name="testUpdateStudent" classname="com.laplateforme.tracker.dao.StudentDAOTest" time="0.06">
    <system-out><![CDATA[[DEBUG] Attempting to load db.properties from classpath...
[DEBUG] Loaded JDBC URL: jdbc:postgresql://localhost:5432/student_tracker
[DEBUG] Loaded DB user: postgres
[INFO] Connected to database: student_tracker
[DEBUG] Attempting to load db.properties from classpath...
[DEBUG] Loaded JDBC URL: jdbc:postgresql://localhost:5432/student_tracker
[DEBUG] Loaded DB user: postgres
[INFO] Connected to database: student_tracker
[DEBUG] Attempting to load db.properties from classpath...
[DEBUG] Loaded JDBC URL: jdbc:postgresql://localhost:5432/student_tracker
[DEBUG] Loaded DB user: postgres
[INFO] Connected to database: student_tracker
[DEBUG] Attempting to load db.properties from classpath...
[DEBUG] Loaded JDBC URL: jdbc:postgresql://localhost:5432/student_tracker
[DEBUG] Loaded DB user: postgres
[INFO] Connected to database: student_tracker
[DEBUG] Attempting to load db.properties from classpath...
[DEBUG] Loaded JDBC URL: jdbc:postgresql://localhost:5432/student_tracker
[DEBUG] Loaded DB user: postgres
[INFO] Connected to database: student_tracker
]]></system-out>
  </testcase>
  <testcase name="testDeleteStudent" classname="com.laplateforme.tracker.dao.StudentDAOTest" time="0.048">
    <system-out><![CDATA[[DEBUG] Attempting to load db.properties from classpath...
[DEBUG] Loaded JDBC URL: jdbc:postgresql://localhost:5432/student_tracker
[DEBUG] Loaded DB user: postgres
[INFO] Connected to database: student_tracker
[DEBUG] Attempting to load db.properties from classpath...
[DEBUG] Loaded JDBC URL: jdbc:postgresql://localhost:5432/student_tracker
[DEBUG] Loaded DB user: postgres
[INFO] Connected to database: student_tracker
[DEBUG] Attempting to load db.properties from classpath...
[DEBUG] Loaded JDBC URL: jdbc:postgresql://localhost:5432/student_tracker
[DEBUG] Loaded DB user: postgres
[INFO] Connected to database: student_tracker
[DEBUG] Attempting to load db.properties from classpath...
[DEBUG] Loaded JDBC URL: jdbc:postgresql://localhost:5432/student_tracker
[DEBUG] Loaded DB user: postgres
[INFO] Connected to database: student_tracker
[DEBUG] Attempting to load db.properties from classpath...
[DEBUG] Loaded JDBC URL: jdbc:postgresql://localhost:5432/student_tracker
[DEBUG] Loaded DB user: postgres
[INFO] Connected to database: student_tracker
]]></system-out>
  </testcase>
  <testcase name="testGetStudentByID" classname="com.laplateforme.tracker.dao.StudentDAOTest" time="0.031">
    <system-out><![CDATA[[DEBUG] Attempting to load db.properties from classpath...
[DEBUG] Loaded JDBC URL: jdbc:postgresql://localhost:5432/student_tracker
[DEBUG] Loaded DB user: postgres
[INFO] Connected to database: student_tracker
[DEBUG] Attempting to load db.properties from classpath...
[DEBUG] Loaded JDBC URL: jdbc:postgresql://localhost:5432/student_tracker
[DEBUG] Loaded DB user: postgres
[INFO] Connected to database: student_tracker
[DEBUG] Attempting to load db.properties from classpath...
[DEBUG] Loaded JDBC URL: jdbc:postgresql://localhost:5432/student_tracker
[DEBUG] Loaded DB user: postgres
[INFO] Connected to database: student_tracker
[DEBUG] Attempting to load db.properties from classpath...
[DEBUG] Loaded JDBC URL: jdbc:postgresql://localhost:5432/student_tracker
[DEBUG] Loaded DB user: postgres
[INFO] Connected to database: student_tracker
]]></system-out>
  </testcase>
  <testcase name="testGetAllStudents" classname="com.laplateforme.tracker.dao.StudentDAOTest" time="0.048">
    <system-out><![CDATA[[DEBUG] Attempting to load db.properties from classpath...
[DEBUG] Loaded JDBC URL: jdbc:postgresql://localhost:5432/student_tracker
[DEBUG] Loaded DB user: postgres
[INFO] Connected to database: student_tracker
[DEBUG] Attempting to load db.properties from classpath...
[DEBUG] Loaded JDBC URL: jdbc:postgresql://localhost:5432/student_tracker
[DEBUG] Loaded DB user: postgres
[INFO] Connected to database: student_tracker
[DEBUG] Attempting to load db.properties from classpath...
[DEBUG] Loaded JDBC URL: jdbc:postgresql://localhost:5432/student_tracker
[DEBUG] Loaded DB user: postgres
[INFO] Connected to database: student_tracker
[DEBUG] Attempting to load db.properties from classpath...
[DEBUG] Loaded JDBC URL: jdbc:postgresql://localhost:5432/student_tracker
[DEBUG] Loaded DB user: postgres
[INFO] Connected to database: student_tracker
[DEBUG] Attempting to load db.properties from classpath...
[DEBUG] Loaded JDBC URL: jdbc:postgresql://localhost:5432/student_tracker
[DEBUG] Loaded DB user: postgres
[INFO] Connected to database: student_tracker
[DEBUG] Attempting to load db.properties from classpath...
[DEBUG] Loaded JDBC URL: jdbc:postgresql://localhost:5432/student_tracker
[DEBUG] Loaded DB user: postgres
[INFO] Connected to database: student_tracker
]]></system-out>
  </testcase>
</testsuite>